<?xml version="1.0" encoding="UTF-8"?>
<!-- Generated by org.testng.reporters.JUnitReportReporter -->
<testsuite skipped="0" hostname="DESKTOP-DQ8EN8M" name="tests.MyTest" tests="1" failures="0" timestamp="2021-05-06T17:07:46 EDT" time="2.171" errors="0">
  <testcase name="testPageObject" time="2.171" classname="tests.MyTest"/>
  <system-out/>
</testsuite> <!-- tests.MyTest -->
